<!DOCTYPE html>
<html>
  <head>
    <meta charset="utf-8"/>
    <title>Test Report</title>
    <link href="assets/style.css" rel="stylesheet" type="text/css"/></head>
  <body onLoad="init()">
    <script>/* This Source Code Form is subject to the terms of the Mozilla Public
 * License, v. 2.0. If a copy of the MPL was not distributed with this file,
 * You can obtain one at http://mozilla.org/MPL/2.0/. */


function toArray(iter) {
    if (iter === null) {
        return null;
    }
    return Array.prototype.slice.call(iter);
}

function find(selector, elem) {
    if (!elem) {
        elem = document;
    }
    return elem.querySelector(selector);
}

function find_all(selector, elem) {
    if (!elem) {
        elem = document;
    }
    return toArray(elem.querySelectorAll(selector));
}

function sort_column(elem) {
    toggle_sort_states(elem);
    var colIndex = toArray(elem.parentNode.childNodes).indexOf(elem);
    var key;
    if (elem.classList.contains('numeric')) {
        key = key_num;
    } else if (elem.classList.contains('result')) {
        key = key_result;
    } else {
        key = key_alpha;
    }
    sort_table(elem, key(colIndex));
}

function show_all_extras() {
    find_all('.col-result').forEach(show_extras);
}

function hide_all_extras() {
    find_all('.col-result').forEach(hide_extras);
}

function show_extras(colresult_elem) {
    var extras = colresult_elem.parentNode.nextElementSibling;
    var expandcollapse = colresult_elem.firstElementChild;
    extras.classList.remove("collapsed");
    expandcollapse.classList.remove("expander");
    expandcollapse.classList.add("collapser");
}

function hide_extras(colresult_elem) {
    var extras = colresult_elem.parentNode.nextElementSibling;
    var expandcollapse = colresult_elem.firstElementChild;
    extras.classList.add("collapsed");
    expandcollapse.classList.remove("collapser");
    expandcollapse.classList.add("expander");
}

function show_filters() {
    var filter_items = document.getElementsByClassName('filter');
    for (var i = 0; i < filter_items.length; i++)
        filter_items[i].hidden = false;
}

function add_collapse() {
    // Add links for show/hide all
    var resulttable = find('table#results-table');
    var showhideall = document.createElement("p");
    showhideall.innerHTML = '<a href="javascript:show_all_extras()">Show all details</a> / ' +
                            '<a href="javascript:hide_all_extras()">Hide all details</a>';
    resulttable.parentElement.insertBefore(showhideall, resulttable);

    // Add show/hide link to each result
    find_all('.col-result').forEach(function(elem) {
        var collapsed = get_query_parameter('collapsed') || 'Passed';
        var extras = elem.parentNode.nextElementSibling;
        var expandcollapse = document.createElement("span");
        if (collapsed.includes(elem.innerHTML)) {
            extras.classList.add("collapsed");
            expandcollapse.classList.add("expander");
        } else {
            expandcollapse.classList.add("collapser");
        }
        elem.appendChild(expandcollapse);

        elem.addEventListener("click", function(event) {
            if (event.currentTarget.parentNode.nextElementSibling.classList.contains("collapsed")) {
                show_extras(event.currentTarget);
            } else {
                hide_extras(event.currentTarget);
            }
        });
    })
}

function get_query_parameter(name) {
    var match = RegExp('[?&]' + name + '=([^&]*)').exec(window.location.search);
    return match && decodeURIComponent(match[1].replace(/\+/g, ' '));
}

function init () {
    reset_sort_headers();

    add_collapse();

    show_filters();

    sort_column(find('.initial-sort'));

    find_all('.sortable').forEach(function(elem) {
        elem.addEventListener("click",
                              function(event) {
                                  sort_column(elem);
                              }, false)
    });

};

function sort_table(clicked, key_func) {
    var rows = find_all('.results-table-row');
    var reversed = !clicked.classList.contains('asc');
    var sorted_rows = sort(rows, key_func, reversed);
    /* Whole table is removed here because browsers acts much slower
     * when appending existing elements.
     */
    var thead = document.getElementById("results-table-head");
    document.getElementById('results-table').remove();
    var parent = document.createElement("table");
    parent.id = "results-table";
    parent.appendChild(thead);
    sorted_rows.forEach(function(elem) {
        parent.appendChild(elem);
    });
    document.getElementsByTagName("BODY")[0].appendChild(parent);
}

function sort(items, key_func, reversed) {
    var sort_array = items.map(function(item, i) {
        return [key_func(item), i];
    });

    sort_array.sort(function(a, b) {
        var key_a = a[0];
        var key_b = b[0];

        if (key_a == key_b) return 0;

        if (reversed) {
            return (key_a < key_b ? 1 : -1);
        } else {
            return (key_a > key_b ? 1 : -1);
        }
    });

    return sort_array.map(function(item) {
        var index = item[1];
        return items[index];
    });
}

function key_alpha(col_index) {
    return function(elem) {
        return elem.childNodes[1].childNodes[col_index].firstChild.data.toLowerCase();
    };
}

function key_num(col_index) {
    return function(elem) {
        return parseFloat(elem.childNodes[1].childNodes[col_index].firstChild.data);
    };
}

function key_result(col_index) {
    return function(elem) {
        var strings = ['Error', 'Failed', 'Rerun', 'XFailed', 'XPassed',
                       'Skipped', 'Passed'];
        return strings.indexOf(elem.childNodes[1].childNodes[col_index].firstChild.data);
    };
}

function reset_sort_headers() {
    find_all('.sort-icon').forEach(function(elem) {
        elem.parentNode.removeChild(elem);
    });
    find_all('.sortable').forEach(function(elem) {
        var icon = document.createElement("div");
        icon.className = "sort-icon";
        icon.textContent = "vvv";
        elem.insertBefore(icon, elem.firstChild);
        elem.classList.remove("desc", "active");
        elem.classList.add("asc", "inactive");
    });
}

function toggle_sort_states(elem) {
    //if active, toggle between asc and desc
    if (elem.classList.contains('active')) {
        elem.classList.toggle('asc');
        elem.classList.toggle('desc');
    }

    //if inactive, reset all other functions and add ascending active
    if (elem.classList.contains('inactive')) {
        reset_sort_headers();
        elem.classList.remove('inactive');
        elem.classList.add('active');
    }
}

function is_all_rows_hidden(value) {
  return value.hidden == false;
}

function filter_table(elem) {
    var outcome_att = "data-test-result";
    var outcome = elem.getAttribute(outcome_att);
    class_outcome = outcome + " results-table-row";
    var outcome_rows = document.getElementsByClassName(class_outcome);

    for(var i = 0; i < outcome_rows.length; i++){
        outcome_rows[i].hidden = !elem.checked;
    }

    var rows = find_all('.results-table-row').filter(is_all_rows_hidden);
    var all_rows_hidden = rows.length == 0 ? true : false;
    var not_found_message = document.getElementById("not-found-message");
    not_found_message.hidden = !all_rows_hidden;
}
</script>
    <h1>report.html</h1>
    <p>Report generated on 25-Mar-2020 at 00:10:42 by <a href="https://pypi.python.org/pypi/pytest-html">pytest-html</a> v1.22.1</p>
    <h2>Environment</h2>
    <table id="environment">
      <tr>
        <td>Packages</td>
        <td>{&apos;py&apos;: &apos;1.8.1&apos;, &apos;pytest&apos;: &apos;4.6.9&apos;, &apos;pluggy&apos;: &apos;0.13.1&apos;}</td></tr>
      <tr>
        <td>Platform</td>
        <td>Windows-10-10.0.17763</td></tr>
      <tr>
        <td>Plugins</td>
        <td>{u&apos;html&apos;: u&apos;1.22.1&apos;, u&apos;allure-pytest&apos;: u&apos;2.8.12&apos;, u&apos;metadata&apos;: u&apos;1.8.0&apos;}</td></tr>
      <tr>
        <td>Python</td>
        <td>2.7.17</td></tr></table>
    <h2>Summary</h2>
    <p>30 tests ran in 592.12 seconds. </p>
    <p class="filter" hidden="true">(Un)check the boxes to filter the results.</p><input checked="true" class="filter" data-test-result="passed" hidden="true" name="filter_checkbox" onChange="filter_table(this)" type="checkbox"/><span class="passed">26 passed</span>, <input checked="true" class="filter" data-test-result="skipped" disabled="true" hidden="true" name="filter_checkbox" onChange="filter_table(this)" type="checkbox"/><span class="skipped">0 skipped</span>, <input checked="true" class="filter" data-test-result="failed" hidden="true" name="filter_checkbox" onChange="filter_table(this)" type="checkbox"/><span class="failed">4 failed</span>, <input checked="true" class="filter" data-test-result="error" disabled="true" hidden="true" name="filter_checkbox" onChange="filter_table(this)" type="checkbox"/><span class="error">0 errors</span>, <input checked="true" class="filter" data-test-result="xfailed" disabled="true" hidden="true" name="filter_checkbox" onChange="filter_table(this)" type="checkbox"/><span class="xfailed">0 expected failures</span>, <input checked="true" class="filter" data-test-result="xpassed" disabled="true" hidden="true" name="filter_checkbox" onChange="filter_table(this)" type="checkbox"/><span class="xpassed">0 unexpected passes</span>
    <h2>Results</h2>
    <table id="results-table">
      <thead id="results-table-head">
        <tr>
          <th class="sortable result initial-sort" col="result">Result</th>
          <th class="sortable" col="name">Test</th>
          <th class="sortable numeric" col="duration">Duration</th>
          <th>Links</th></tr>
        <tr hidden="true" id="not-found-message">
          <th colspan="4">No results found. Try to check the filters</th></tr></thead>
      <tbody class="failed results-table-row">
        <tr>
          <td class="col-result">Failed</td>
          <td class="col-name">test_qa_task.py::Test_Sofomo::test_case4</td>
          <td class="col-duration">9.51</td>
          <td class="col-links"></td></tr>
        <tr>
          <td class="extra" colspan="4">
            <div class="log">self = &lt;test_qa_task.Test_Sofomo instance at 0x000000000478E508&gt;<br/><br/>    def test_case4(self):<br/>    <br/>        self.driver = webdriver.Chrome(WebdriverPath)<br/>        self.driver.set_page_load_timeout(10)<br/>        self.driver.get(MainWebUrl)<br/>        self.driver.maximize_window()<br/>        WebDriverWait(self.driver, 5).until(lambda driver: self.driver.find_element_by_class_name(SignInUrl)).click()<br/>        self.driver.execute_script("window.scrollTo(0, 300)")<br/>        self.driver.find_element_by_id(EmailCreateUrl).send_keys("")<br/>        self.driver.find_element_by_id(SubmitCreateUrl).click()<br/>        self.driver.save_screenshot('C:/Users/stawowcz/Desktop/moje/sofomo_zadanie/test_pictures/test4_case1.png')<br/>&gt;       status = self.driver.find_element_by_xpath(EmptyEmailAdressValueURL).is_displayed()<br/><br/>test_qa_task.py:162: <br/>_ _ _ _ _ _ _ _ _ _ _ _ _ _ _ _ _ _ _ _ _ _ _ _ _ _ _ _ _ _ _ _ _ _ _ _ _ _ _ _<br/>C:\Python27\lib\site-packages\selenium\webdriver\remote\webdriver.py:394: in find_element_by_xpath<br/>    return self.find_element(by=By.XPATH, value=xpath)<br/>C:\Python27\lib\site-packages\selenium\webdriver\remote\webdriver.py:978: in find_element<br/>    'value': value})['value']<br/>C:\Python27\lib\site-packages\selenium\webdriver\remote\webdriver.py:321: in execute<br/>    self.error_handler.check_response(response)<br/>_ _ _ _ _ _ _ _ _ _ _ _ _ _ _ _ _ _ _ _ _ _ _ _ _ _ _ _ _ _ _ _ _ _ _ _ _ _ _ _<br/><br/>self = &lt;selenium.webdriver.remote.errorhandler.ErrorHandler object at 0x000000000478E988&gt;<br/>response = {'status': 404, 'value': '{"value":{"error":"no such element","message":"no such element: Unable to locate element: {\...+25]\n\tRtlGetAppContainerNamedObjectPath [0x776E662D+237]\n\tRtlGetAppContainerNamedObjectPath [0x776E65FD+189]\n"}}'}<br/><br/>    def check_response(self, response):<br/>        """<br/>        Checks that a JSON response from the WebDriver does not have an error.<br/>    <br/>        :Args:<br/>         - response - The JSON response from the WebDriver server as a dictionary<br/>           object.<br/>    <br/>        :Raises: If the response contains an error message.<br/>        """<br/>        status = response.get('status', None)<br/>        if status is None or status == ErrorCode.SUCCESS:<br/>            return<br/>        value = None<br/>        message = response.get("message", "")<br/>        screen = response.get("screen", "")<br/>        stacktrace = None<br/>        if isinstance(status, int):<br/>            value_json = response.get('value', None)<br/>            if value_json and isinstance(value_json, basestring):<br/>                import json<br/>                try:<br/>                    value = json.loads(value_json)<br/>                    if len(value.keys()) == 1:<br/>                        value = value['value']<br/>                    status = value.get('error', None)<br/>                    if status is None:<br/>                        status = value["status"]<br/>                        message = value["value"]<br/>                        if not isinstance(message, basestring):<br/>                            value = message<br/>                            message = message.get('message')<br/>                    else:<br/>                        message = value.get('message', None)<br/>                except ValueError:<br/>                    pass<br/>    <br/>        exception_class = ErrorInResponseException<br/>        if status in ErrorCode.NO_SUCH_ELEMENT:<br/>            exception_class = NoSuchElementException<br/>        elif status in ErrorCode.NO_SUCH_FRAME:<br/>            exception_class = NoSuchFrameException<br/>        elif status in ErrorCode.NO_SUCH_WINDOW:<br/>            exception_class = NoSuchWindowException<br/>        elif status in ErrorCode.STALE_ELEMENT_REFERENCE:<br/>            exception_class = StaleElementReferenceException<br/>        elif status in ErrorCode.ELEMENT_NOT_VISIBLE:<br/>            exception_class = ElementNotVisibleException<br/>        elif status in ErrorCode.INVALID_ELEMENT_STATE:<br/>            exception_class = InvalidElementStateException<br/>        elif status in ErrorCode.INVALID_SELECTOR \<br/>                or status in ErrorCode.INVALID_XPATH_SELECTOR \<br/>                or status in ErrorCode.INVALID_XPATH_SELECTOR_RETURN_TYPER:<br/>            exception_class = InvalidSelectorException<br/>        elif status in ErrorCode.ELEMENT_IS_NOT_SELECTABLE:<br/>            exception_class = ElementNotSelectableException<br/>        elif status in ErrorCode.ELEMENT_NOT_INTERACTABLE:<br/>            exception_class = ElementNotInteractableException<br/>        elif status in ErrorCode.INVALID_COOKIE_DOMAIN:<br/>            exception_class = InvalidCookieDomainException<br/>        elif status in ErrorCode.UNABLE_TO_SET_COOKIE:<br/>            exception_class = UnableToSetCookieException<br/>        elif status in ErrorCode.TIMEOUT:<br/>            exception_class = TimeoutException<br/>        elif status in ErrorCode.SCRIPT_TIMEOUT:<br/>            exception_class = TimeoutException<br/>        elif status in ErrorCode.UNKNOWN_ERROR:<br/>            exception_class = WebDriverException<br/>        elif status in ErrorCode.UNEXPECTED_ALERT_OPEN:<br/>            exception_class = UnexpectedAlertPresentException<br/>        elif status in ErrorCode.NO_ALERT_OPEN:<br/>            exception_class = NoAlertPresentException<br/>        elif status in ErrorCode.IME_NOT_AVAILABLE:<br/>            exception_class = ImeNotAvailableException<br/>        elif status in ErrorCode.IME_ENGINE_ACTIVATION_FAILED:<br/>            exception_class = ImeActivationFailedException<br/>        elif status in ErrorCode.MOVE_TARGET_OUT_OF_BOUNDS:<br/>            exception_class = MoveTargetOutOfBoundsException<br/>        elif status in ErrorCode.JAVASCRIPT_ERROR:<br/>            exception_class = JavascriptException<br/>        elif status in ErrorCode.SESSION_NOT_CREATED:<br/>            exception_class = SessionNotCreatedException<br/>        elif status in ErrorCode.INVALID_ARGUMENT:<br/>            exception_class = InvalidArgumentException<br/>        elif status in ErrorCode.NO_SUCH_COOKIE:<br/>            exception_class = NoSuchCookieException<br/>        elif status in ErrorCode.UNABLE_TO_CAPTURE_SCREEN:<br/>            exception_class = ScreenshotException<br/>        elif status in ErrorCode.ELEMENT_CLICK_INTERCEPTED:<br/>            exception_class = ElementClickInterceptedException<br/>        elif status in ErrorCode.INSECURE_CERTIFICATE:<br/>            exception_class = InsecureCertificateException<br/>        elif status in ErrorCode.INVALID_COORDINATES:<br/>            exception_class = InvalidCoordinatesException<br/>        elif status in ErrorCode.INVALID_SESSION_ID:<br/>            exception_class = InvalidSessionIdException<br/>        elif status in ErrorCode.UNKNOWN_METHOD:<br/>            exception_class = UnknownMethodException<br/>        else:<br/>            exception_class = WebDriverException<br/>        if value == '' or value is None:<br/>            value = response['value']<br/>        if isinstance(value, basestring):<br/>            if exception_class == ErrorInResponseException:<br/>                raise exception_class(response, value)<br/>            raise exception_class(value)<br/>        if message == "" and 'message' in value:<br/>            message = value['message']<br/>    <br/>        screen = None<br/>        if 'screen' in value:<br/>            screen = value['screen']<br/>    <br/>        stacktrace = None<br/>        if 'stackTrace' in value and value['stackTrace']:<br/>            stacktrace = []<br/>            try:<br/>                for frame in value['stackTrace']:<br/>                    line = self._value_or_default(frame, 'lineNumber', '')<br/>                    file = self._value_or_default(frame, 'fileName', '&lt;anonymous&gt;')<br/>                    if line:<br/>                        file = "%s:%s" % (file, line)<br/>                    meth = self._value_or_default(frame, 'methodName', '&lt;anonymous&gt;')<br/>                    if 'className' in frame:<br/>                        meth = "%s.%s" % (frame['className'], meth)<br/>                    msg = "    at %s (%s)"<br/>                    msg = msg % (meth, file)<br/>                    stacktrace.append(msg)<br/>            except TypeError:<br/>                pass<br/>        if exception_class == ErrorInResponseException:<br/>            raise exception_class(response, message)<br/>        elif exception_class == UnexpectedAlertPresentException:<br/>            alert_text = None<br/>            if 'data' in value:<br/>                alert_text = value['data'].get('text')<br/>            elif 'alert' in value:<br/>                alert_text = value['alert'].get('text')<br/>            raise exception_class(message, screen, stacktrace, alert_text)<br/>&gt;       raise exception_class(message, screen, stacktrace)<br/><span class="error">E       NoSuchElementException: Message: no such element: Unable to locate element: {"method":"xpath","selector":"/html/body/div/div[2]/div/div[3]/div/div/div[1]/form/div/div[1]/ol/li"}</span><br/><span class="error">E         (Session info: chrome=80.0.3987.149)</span><br/><br/>C:\Python27\lib\site-packages\selenium\webdriver\remote\errorhandler.py:242: NoSuchElementException<br/></div></td></tr></tbody>
      <tbody class="failed results-table-row">
        <tr>
          <td class="col-result">Failed</td>
          <td class="col-name">test_qa_task.py::Test_Sofomo::test_case14</td>
          <td class="col-duration">6.70</td>
          <td class="col-links"></td></tr>
        <tr>
          <td class="extra" colspan="4">
            <div class="log">self = &lt;test_qa_task.Test_Sofomo instance at 0x0000000004B854C8&gt;<br/><br/>    def test_case14(self):<br/>    <br/>        self.driver = webdriver.Chrome(WebdriverPath)<br/>        self.driver.set_page_load_timeout(10)<br/>        self.driver.get(CreateAccountUrl)<br/>        self.driver.maximize_window()<br/>        self.driver.execute_script("window.scrollTo(0, 300)")<br/>        self.driver.save_screenshot('C:/Users/stawowcz/Desktop/moje/sofomo_zadanie/test_pictures/tast14_case1.png')<br/>&gt;       status = self.driver.find_element_by_xpath(AutehenticationTitleUrl).is_displayed()<br/><br/>test_qa_task.py:719: <br/>_ _ _ _ _ _ _ _ _ _ _ _ _ _ _ _ _ _ _ _ _ _ _ _ _ _ _ _ _ _ _ _ _ _ _ _ _ _ _ _<br/>C:\Python27\lib\site-packages\selenium\webdriver\remote\webdriver.py:394: in find_element_by_xpath<br/>    return self.find_element(by=By.XPATH, value=xpath)<br/>C:\Python27\lib\site-packages\selenium\webdriver\remote\webdriver.py:978: in find_element<br/>    'value': value})['value']<br/>C:\Python27\lib\site-packages\selenium\webdriver\remote\webdriver.py:321: in execute<br/>    self.error_handler.check_response(response)<br/>_ _ _ _ _ _ _ _ _ _ _ _ _ _ _ _ _ _ _ _ _ _ _ _ _ _ _ _ _ _ _ _ _ _ _ _ _ _ _ _<br/><br/>self = &lt;selenium.webdriver.remote.errorhandler.ErrorHandler object at 0x0000000004B85F48&gt;<br/>response = {'status': 404, 'value': '{"value":{"error":"no such element","message":"no such element: Unable to locate element: {\...+25]\n\tRtlGetAppContainerNamedObjectPath [0x776E662D+237]\n\tRtlGetAppContainerNamedObjectPath [0x776E65FD+189]\n"}}'}<br/><br/>    def check_response(self, response):<br/>        """<br/>        Checks that a JSON response from the WebDriver does not have an error.<br/>    <br/>        :Args:<br/>         - response - The JSON response from the WebDriver server as a dictionary<br/>           object.<br/>    <br/>        :Raises: If the response contains an error message.<br/>        """<br/>        status = response.get('status', None)<br/>        if status is None or status == ErrorCode.SUCCESS:<br/>            return<br/>        value = None<br/>        message = response.get("message", "")<br/>        screen = response.get("screen", "")<br/>        stacktrace = None<br/>        if isinstance(status, int):<br/>            value_json = response.get('value', None)<br/>            if value_json and isinstance(value_json, basestring):<br/>                import json<br/>                try:<br/>                    value = json.loads(value_json)<br/>                    if len(value.keys()) == 1:<br/>                        value = value['value']<br/>                    status = value.get('error', None)<br/>                    if status is None:<br/>                        status = value["status"]<br/>                        message = value["value"]<br/>                        if not isinstance(message, basestring):<br/>                            value = message<br/>                            message = message.get('message')<br/>                    else:<br/>                        message = value.get('message', None)<br/>                except ValueError:<br/>                    pass<br/>    <br/>        exception_class = ErrorInResponseException<br/>        if status in ErrorCode.NO_SUCH_ELEMENT:<br/>            exception_class = NoSuchElementException<br/>        elif status in ErrorCode.NO_SUCH_FRAME:<br/>            exception_class = NoSuchFrameException<br/>        elif status in ErrorCode.NO_SUCH_WINDOW:<br/>            exception_class = NoSuchWindowException<br/>        elif status in ErrorCode.STALE_ELEMENT_REFERENCE:<br/>            exception_class = StaleElementReferenceException<br/>        elif status in ErrorCode.ELEMENT_NOT_VISIBLE:<br/>            exception_class = ElementNotVisibleException<br/>        elif status in ErrorCode.INVALID_ELEMENT_STATE:<br/>            exception_class = InvalidElementStateException<br/>        elif status in ErrorCode.INVALID_SELECTOR \<br/>                or status in ErrorCode.INVALID_XPATH_SELECTOR \<br/>                or status in ErrorCode.INVALID_XPATH_SELECTOR_RETURN_TYPER:<br/>            exception_class = InvalidSelectorException<br/>        elif status in ErrorCode.ELEMENT_IS_NOT_SELECTABLE:<br/>            exception_class = ElementNotSelectableException<br/>        elif status in ErrorCode.ELEMENT_NOT_INTERACTABLE:<br/>            exception_class = ElementNotInteractableException<br/>        elif status in ErrorCode.INVALID_COOKIE_DOMAIN:<br/>            exception_class = InvalidCookieDomainException<br/>        elif status in ErrorCode.UNABLE_TO_SET_COOKIE:<br/>            exception_class = UnableToSetCookieException<br/>        elif status in ErrorCode.TIMEOUT:<br/>            exception_class = TimeoutException<br/>        elif status in ErrorCode.SCRIPT_TIMEOUT:<br/>            exception_class = TimeoutException<br/>        elif status in ErrorCode.UNKNOWN_ERROR:<br/>            exception_class = WebDriverException<br/>        elif status in ErrorCode.UNEXPECTED_ALERT_OPEN:<br/>            exception_class = UnexpectedAlertPresentException<br/>        elif status in ErrorCode.NO_ALERT_OPEN:<br/>            exception_class = NoAlertPresentException<br/>        elif status in ErrorCode.IME_NOT_AVAILABLE:<br/>            exception_class = ImeNotAvailableException<br/>        elif status in ErrorCode.IME_ENGINE_ACTIVATION_FAILED:<br/>            exception_class = ImeActivationFailedException<br/>        elif status in ErrorCode.MOVE_TARGET_OUT_OF_BOUNDS:<br/>            exception_class = MoveTargetOutOfBoundsException<br/>        elif status in ErrorCode.JAVASCRIPT_ERROR:<br/>            exception_class = JavascriptException<br/>        elif status in ErrorCode.SESSION_NOT_CREATED:<br/>            exception_class = SessionNotCreatedException<br/>        elif status in ErrorCode.INVALID_ARGUMENT:<br/>            exception_class = InvalidArgumentException<br/>        elif status in ErrorCode.NO_SUCH_COOKIE:<br/>            exception_class = NoSuchCookieException<br/>        elif status in ErrorCode.UNABLE_TO_CAPTURE_SCREEN:<br/>            exception_class = ScreenshotException<br/>        elif status in ErrorCode.ELEMENT_CLICK_INTERCEPTED:<br/>            exception_class = ElementClickInterceptedException<br/>        elif status in ErrorCode.INSECURE_CERTIFICATE:<br/>            exception_class = InsecureCertificateException<br/>        elif status in ErrorCode.INVALID_COORDINATES:<br/>            exception_class = InvalidCoordinatesException<br/>        elif status in ErrorCode.INVALID_SESSION_ID:<br/>            exception_class = InvalidSessionIdException<br/>        elif status in ErrorCode.UNKNOWN_METHOD:<br/>            exception_class = UnknownMethodException<br/>        else:<br/>            exception_class = WebDriverException<br/>        if value == '' or value is None:<br/>            value = response['value']<br/>        if isinstance(value, basestring):<br/>            if exception_class == ErrorInResponseException:<br/>                raise exception_class(response, value)<br/>            raise exception_class(value)<br/>        if message == "" and 'message' in value:<br/>            message = value['message']<br/>    <br/>        screen = None<br/>        if 'screen' in value:<br/>            screen = value['screen']<br/>    <br/>        stacktrace = None<br/>        if 'stackTrace' in value and value['stackTrace']:<br/>            stacktrace = []<br/>            try:<br/>                for frame in value['stackTrace']:<br/>                    line = self._value_or_default(frame, 'lineNumber', '')<br/>                    file = self._value_or_default(frame, 'fileName', '&lt;anonymous&gt;')<br/>                    if line:<br/>                        file = "%s:%s" % (file, line)<br/>                    meth = self._value_or_default(frame, 'methodName', '&lt;anonymous&gt;')<br/>                    if 'className' in frame:<br/>                        meth = "%s.%s" % (frame['className'], meth)<br/>                    msg = "    at %s (%s)"<br/>                    msg = msg % (meth, file)<br/>                    stacktrace.append(msg)<br/>            except TypeError:<br/>                pass<br/>        if exception_class == ErrorInResponseException:<br/>            raise exception_class(response, message)<br/>        elif exception_class == UnexpectedAlertPresentException:<br/>            alert_text = None<br/>            if 'data' in value:<br/>                alert_text = value['data'].get('text')<br/>            elif 'alert' in value:<br/>                alert_text = value['alert'].get('text')<br/>            raise exception_class(message, screen, stacktrace, alert_text)<br/>&gt;       raise exception_class(message, screen, stacktrace)<br/><span class="error">E       NoSuchElementException: Message: no such element: Unable to locate element: {"method":"xpath","selector":"/html/body/div/div[2]/div/div[3]/div/div[1]/ol/li"}</span><br/><span class="error">E         (Session info: chrome=80.0.3987.149)</span><br/><br/>C:\Python27\lib\site-packages\selenium\webdriver\remote\errorhandler.py:242: NoSuchElementException<br/></div></td></tr></tbody>
      <tbody class="failed results-table-row">
        <tr>
          <td class="col-result">Failed</td>
          <td class="col-name">test_qa_task.py::Test_Sofomo::test_case21</td>
          <td class="col-duration">11.01</td>
          <td class="col-links"></td></tr>
        <tr>
          <td class="extra" colspan="4">
            <div class="log">self = &lt;test_qa_task.Test_Sofomo instance at 0x00000000053FD648&gt;<br/><br/>    def test_case21(self):<br/>    <br/>        self.driver = webdriver.Chrome(WebdriverPath)<br/>        self.driver.set_page_load_timeout(10)<br/>        self.driver.get(CreateAccountUrl)<br/>        self.driver.maximize_window()<br/>        self.driver.execute_script("window.scrollTo(0, 300)")<br/>        self.driver.find_element_by_id(LoginEmailUrl).send_keys("jakub123@gmail.com")<br/>        self.driver.save_screenshot('C:/Users/stawowcz/Desktop/moje/sofomo_zadanie/test_pictures/tast21_case1.png')<br/>        self.driver.find_element_by_id(LoginPassUrl).send_keys("   k1234")<br/>        self.driver.save_screenshot('C:/Users/stawowcz/Desktop/moje/sofomo_zadanie/test_pictures/tast21_case2.png')<br/>        self.driver.find_element_by_id(SubmitLoginIdUrl).click()<br/>        self.driver.save_screenshot('C:/Users/stawowcz/Desktop/moje/sofomo_zadanie/test_pictures/tast21_case3.png')<br/>        time.sleep(1)<br/>        status = self.driver.find_element_by_xpath(SuccessfullySignUpUrl).is_displayed()<br/>        if status == True:<br/>&gt;           assert False<br/><span class="error">E           assert False</span><br/><br/>test_qa_task.py:876: AssertionError<br/></div></td></tr></tbody>
      <tbody class="failed results-table-row">
        <tr>
          <td class="col-result">Failed</td>
          <td class="col-name">test_qa_task.py::Test_Sofomo::test_case26</td>
          <td class="col-duration">25.32</td>
          <td class="col-links"></td></tr>
        <tr>
          <td class="extra" colspan="4">
            <div class="log">self = &lt;test_qa_task.Test_Sofomo instance at 0x0000000005440208&gt;<br/><br/>    def test_case26(self):<br/>    <br/>        self.driver = webdriver.Chrome(WebdriverPath)<br/>        self.driver.set_page_load_timeout(10)<br/>        self.driver.get(CreateAccountUrl)<br/>        self.driver.maximize_window()<br/>        self.driver.execute_script("window.scrollTo(0, 300)")<br/>        self.driver.find_element_by_id(LoginEmailUrl).send_keys("jakub123@gmail.com")<br/>        self.driver.save_screenshot('C:/Users/stawowcz/Desktop/moje/sofomo_zadanie/test_pictures/tast26_case1.png')<br/>        self.driver.find_element_by_id(LoginPassUrl).send_keys("k1234")<br/>        self.driver.save_screenshot('C:/Users/stawowcz/Desktop/moje/sofomo_zadanie/test_pictures/tast26_case2.png')<br/>        self.driver.find_element_by_id(SubmitLoginIdUrl).click()<br/>        self.driver.save_screenshot('C:/Users/stawowcz/Desktop/moje/sofomo_zadanie/test_pictures/tast26_case3.png')<br/>        time.sleep(3)<br/>        self.driver.quit()<br/>        self.driver2 = webdriver.Chrome(WebdriverPath)<br/>        self.driver2.set_page_load_timeout(10)<br/>        self.driver2.get(LoggedUserUrl)<br/>        time.sleep(3)<br/>        self.driver2.execute_script("window.scrollTo(0, 300)")<br/>        self.driver2.save_screenshot('C:/Users/stawowcz/Desktop/moje/sofomo_zadanie/test_pictures/tast26_case4.png')<br/>&gt;       status = self.driver2.find_element_by_xpath(SuccessfullySignUpUrl).is_displayed()<br/><br/>test_qa_task.py:1017: <br/>_ _ _ _ _ _ _ _ _ _ _ _ _ _ _ _ _ _ _ _ _ _ _ _ _ _ _ _ _ _ _ _ _ _ _ _ _ _ _ _<br/>C:\Python27\lib\site-packages\selenium\webdriver\remote\webdriver.py:394: in find_element_by_xpath<br/>    return self.find_element(by=By.XPATH, value=xpath)<br/>C:\Python27\lib\site-packages\selenium\webdriver\remote\webdriver.py:978: in find_element<br/>    'value': value})['value']<br/>C:\Python27\lib\site-packages\selenium\webdriver\remote\webdriver.py:321: in execute<br/>    self.error_handler.check_response(response)<br/>_ _ _ _ _ _ _ _ _ _ _ _ _ _ _ _ _ _ _ _ _ _ _ _ _ _ _ _ _ _ _ _ _ _ _ _ _ _ _ _<br/><br/>self = &lt;selenium.webdriver.remote.errorhandler.ErrorHandler object at 0x000000000543F408&gt;<br/>response = {'status': 404, 'value': '{"value":{"error":"no such element","message":"no such element: Unable to locate element: {\...+25]\n\tRtlGetAppContainerNamedObjectPath [0x776E662D+237]\n\tRtlGetAppContainerNamedObjectPath [0x776E65FD+189]\n"}}'}<br/><br/>    def check_response(self, response):<br/>        """<br/>        Checks that a JSON response from the WebDriver does not have an error.<br/>    <br/>        :Args:<br/>         - response - The JSON response from the WebDriver server as a dictionary<br/>           object.<br/>    <br/>        :Raises: If the response contains an error message.<br/>        """<br/>        status = response.get('status', None)<br/>        if status is None or status == ErrorCode.SUCCESS:<br/>            return<br/>        value = None<br/>        message = response.get("message", "")<br/>        screen = response.get("screen", "")<br/>        stacktrace = None<br/>        if isinstance(status, int):<br/>            value_json = response.get('value', None)<br/>            if value_json and isinstance(value_json, basestring):<br/>                import json<br/>                try:<br/>                    value = json.loads(value_json)<br/>                    if len(value.keys()) == 1:<br/>                        value = value['value']<br/>                    status = value.get('error', None)<br/>                    if status is None:<br/>                        status = value["status"]<br/>                        message = value["value"]<br/>                        if not isinstance(message, basestring):<br/>                            value = message<br/>                            message = message.get('message')<br/>                    else:<br/>                        message = value.get('message', None)<br/>                except ValueError:<br/>                    pass<br/>    <br/>        exception_class = ErrorInResponseException<br/>        if status in ErrorCode.NO_SUCH_ELEMENT:<br/>            exception_class = NoSuchElementException<br/>        elif status in ErrorCode.NO_SUCH_FRAME:<br/>            exception_class = NoSuchFrameException<br/>        elif status in ErrorCode.NO_SUCH_WINDOW:<br/>            exception_class = NoSuchWindowException<br/>        elif status in ErrorCode.STALE_ELEMENT_REFERENCE:<br/>            exception_class = StaleElementReferenceException<br/>        elif status in ErrorCode.ELEMENT_NOT_VISIBLE:<br/>            exception_class = ElementNotVisibleException<br/>        elif status in ErrorCode.INVALID_ELEMENT_STATE:<br/>            exception_class = InvalidElementStateException<br/>        elif status in ErrorCode.INVALID_SELECTOR \<br/>                or status in ErrorCode.INVALID_XPATH_SELECTOR \<br/>                or status in ErrorCode.INVALID_XPATH_SELECTOR_RETURN_TYPER:<br/>            exception_class = InvalidSelectorException<br/>        elif status in ErrorCode.ELEMENT_IS_NOT_SELECTABLE:<br/>            exception_class = ElementNotSelectableException<br/>        elif status in ErrorCode.ELEMENT_NOT_INTERACTABLE:<br/>            exception_class = ElementNotInteractableException<br/>        elif status in ErrorCode.INVALID_COOKIE_DOMAIN:<br/>            exception_class = InvalidCookieDomainException<br/>        elif status in ErrorCode.UNABLE_TO_SET_COOKIE:<br/>            exception_class = UnableToSetCookieException<br/>        elif status in ErrorCode.TIMEOUT:<br/>            exception_class = TimeoutException<br/>        elif status in ErrorCode.SCRIPT_TIMEOUT:<br/>            exception_class = TimeoutException<br/>        elif status in ErrorCode.UNKNOWN_ERROR:<br/>            exception_class = WebDriverException<br/>        elif status in ErrorCode.UNEXPECTED_ALERT_OPEN:<br/>            exception_class = UnexpectedAlertPresentException<br/>        elif status in ErrorCode.NO_ALERT_OPEN:<br/>            exception_class = NoAlertPresentException<br/>        elif status in ErrorCode.IME_NOT_AVAILABLE:<br/>            exception_class = ImeNotAvailableException<br/>        elif status in ErrorCode.IME_ENGINE_ACTIVATION_FAILED:<br/>            exception_class = ImeActivationFailedException<br/>        elif status in ErrorCode.MOVE_TARGET_OUT_OF_BOUNDS:<br/>            exception_class = MoveTargetOutOfBoundsException<br/>        elif status in ErrorCode.JAVASCRIPT_ERROR:<br/>            exception_class = JavascriptException<br/>        elif status in ErrorCode.SESSION_NOT_CREATED:<br/>            exception_class = SessionNotCreatedException<br/>        elif status in ErrorCode.INVALID_ARGUMENT:<br/>            exception_class = InvalidArgumentException<br/>        elif status in ErrorCode.NO_SUCH_COOKIE:<br/>            exception_class = NoSuchCookieException<br/>        elif status in ErrorCode.UNABLE_TO_CAPTURE_SCREEN:<br/>            exception_class = ScreenshotException<br/>        elif status in ErrorCode.ELEMENT_CLICK_INTERCEPTED:<br/>            exception_class = ElementClickInterceptedException<br/>        elif status in ErrorCode.INSECURE_CERTIFICATE:<br/>            exception_class = InsecureCertificateException<br/>        elif status in ErrorCode.INVALID_COORDINATES:<br/>            exception_class = InvalidCoordinatesException<br/>        elif status in ErrorCode.INVALID_SESSION_ID:<br/>            exception_class = InvalidSessionIdException<br/>        elif status in ErrorCode.UNKNOWN_METHOD:<br/>            exception_class = UnknownMethodException<br/>        else:<br/>            exception_class = WebDriverException<br/>        if value == '' or value is None:<br/>            value = response['value']<br/>        if isinstance(value, basestring):<br/>            if exception_class == ErrorInResponseException:<br/>                raise exception_class(response, value)<br/>            raise exception_class(value)<br/>        if message == "" and 'message' in value:<br/>            message = value['message']<br/>    <br/>        screen = None<br/>        if 'screen' in value:<br/>            screen = value['screen']<br/>    <br/>        stacktrace = None<br/>        if 'stackTrace' in value and value['stackTrace']:<br/>            stacktrace = []<br/>            try:<br/>                for frame in value['stackTrace']:<br/>                    line = self._value_or_default(frame, 'lineNumber', '')<br/>                    file = self._value_or_default(frame, 'fileName', '&lt;anonymous&gt;')<br/>                    if line:<br/>                        file = "%s:%s" % (file, line)<br/>                    meth = self._value_or_default(frame, 'methodName', '&lt;anonymous&gt;')<br/>                    if 'className' in frame:<br/>                        meth = "%s.%s" % (frame['className'], meth)<br/>                    msg = "    at %s (%s)"<br/>                    msg = msg % (meth, file)<br/>                    stacktrace.append(msg)<br/>            except TypeError:<br/>                pass<br/>        if exception_class == ErrorInResponseException:<br/>            raise exception_class(response, message)<br/>        elif exception_class == UnexpectedAlertPresentException:<br/>            alert_text = None<br/>            if 'data' in value:<br/>                alert_text = value['data'].get('text')<br/>            elif 'alert' in value:<br/>                alert_text = value['alert'].get('text')<br/>            raise exception_class(message, screen, stacktrace, alert_text)<br/>&gt;       raise exception_class(message, screen, stacktrace)<br/><span class="error">E       NoSuchElementException: Message: no such element: Unable to locate element: {"method":"xpath","selector":"/html/body/div/div[2]/div/div[3]/div/p"}</span><br/><span class="error">E         (Session info: chrome=80.0.3987.149)</span><br/><br/>C:\Python27\lib\site-packages\selenium\webdriver\remote\errorhandler.py:242: NoSuchElementException<br/></div></td></tr></tbody>
      <tbody class="passed results-table-row">
        <tr>
          <td class="col-result">Passed</td>
          <td class="col-name">test_qa_task.py::Test_Sofomo::test_case1</td>
          <td class="col-duration">21.23</td>
          <td class="col-links"></td></tr>
        <tr>
          <td class="extra" colspan="4">
            <div class="log">----------------------------- Captured stderr call -----------------------------<br/># C:\Python27\lib\encodings\ascii.pyc matches C:\Python27\lib\encodings\ascii.py
import encodings.ascii # precompiled from C:\Python27\lib\encodings\ascii.pyc
# C:\Python27\lib\urllib2.pyc matches C:\Python27\lib\urllib2.py
import urllib2 # precompiled from C:\Python27\lib\urllib2.pyc
<br/></div></td></tr></tbody>
      <tbody class="passed results-table-row">
        <tr>
          <td class="col-result">Passed</td>
          <td class="col-name">test_qa_task.py::Test_Sofomo::test_case2</td>
          <td class="col-duration">15.41</td>
          <td class="col-links"></td></tr>
        <tr>
          <td class="extra" colspan="4">
            <div class="empty log">No log output captured.</div></td></tr></tbody>
      <tbody class="passed results-table-row">
        <tr>
          <td class="col-result">Passed</td>
          <td class="col-name">test_qa_task.py::Test_Sofomo::test_case3</td>
          <td class="col-duration">17.63</td>
          <td class="col-links"></td></tr>
        <tr>
          <td class="extra" colspan="4">
            <div class="empty log">No log output captured.</div></td></tr></tbody>
      <tbody class="passed results-table-row">
        <tr>
          <td class="col-result">Passed</td>
          <td class="col-name">test_qa_task.py::Test_Sofomo::test_case5</td>
          <td class="col-duration">15.35</td>
          <td class="col-links"></td></tr>
        <tr>
          <td class="extra" colspan="4">
            <div class="empty log">No log output captured.</div></td></tr></tbody>
      <tbody class="passed results-table-row">
        <tr>
          <td class="col-result">Passed</td>
          <td class="col-name">test_qa_task.py::Test_Sofomo::test_case6</td>
          <td class="col-duration">16.20</td>
          <td class="col-links"></td></tr>
        <tr>
          <td class="extra" colspan="4">
            <div class="empty log">No log output captured.</div></td></tr></tbody>
      <tbody class="passed results-table-row">
        <tr>
          <td class="col-result">Passed</td>
          <td class="col-name">test_qa_task.py::Test_Sofomo::test_case6_1</td>
          <td class="col-duration">21.42</td>
          <td class="col-links"></td></tr>
        <tr>
          <td class="extra" colspan="4">
            <div class="empty log">No log output captured.</div></td></tr></tbody>
      <tbody class="passed results-table-row">
        <tr>
          <td class="col-result">Passed</td>
          <td class="col-name">test_qa_task.py::Test_Sofomo::test_case6_2</td>
          <td class="col-duration">16.67</td>
          <td class="col-links"></td></tr>
        <tr>
          <td class="extra" colspan="4">
            <div class="empty log">No log output captured.</div></td></tr></tbody>
      <tbody class="passed results-table-row">
        <tr>
          <td class="col-result">Passed</td>
          <td class="col-name">test_qa_task.py::Test_Sofomo::test_case6_3</td>
          <td class="col-duration">16.47</td>
          <td class="col-links"></td></tr>
        <tr>
          <td class="extra" colspan="4">
            <div class="empty log">No log output captured.</div></td></tr></tbody>
      <tbody class="passed results-table-row">
        <tr>
          <td class="col-result">Passed</td>
          <td class="col-name">test_qa_task.py::Test_Sofomo::test_case7</td>
          <td class="col-duration">44.96</td>
          <td class="col-links"></td></tr>
        <tr>
          <td class="extra" colspan="4">
            <div class="empty log">No log output captured.</div></td></tr></tbody>
      <tbody class="passed results-table-row">
        <tr>
          <td class="col-result">Passed</td>
          <td class="col-name">test_qa_task.py::Test_Sofomo::test_case8</td>
          <td class="col-duration">39.13</td>
          <td class="col-links"></td></tr>
        <tr>
          <td class="extra" colspan="4">
            <div class="empty log">No log output captured.</div></td></tr></tbody>
      <tbody class="passed results-table-row">
        <tr>
          <td class="col-result">Passed</td>
          <td class="col-name">test_qa_task.py::Test_Sofomo::test_case9</td>
          <td class="col-duration">20.76</td>
          <td class="col-links"></td></tr>
        <tr>
          <td class="extra" colspan="4">
            <div class="empty log">No log output captured.</div></td></tr></tbody>
      <tbody class="passed results-table-row">
        <tr>
          <td class="col-result">Passed</td>
          <td class="col-name">test_qa_task.py::Test_Sofomo::test_case10</td>
          <td class="col-duration">37.64</td>
          <td class="col-links"></td></tr>
        <tr>
          <td class="extra" colspan="4">
            <div class="empty log">No log output captured.</div></td></tr></tbody>
      <tbody class="passed results-table-row">
        <tr>
          <td class="col-result">Passed</td>
          <td class="col-name">test_qa_task.py::Test_Sofomo::test_case11</td>
          <td class="col-duration">39.16</td>
          <td class="col-links"></td></tr>
        <tr>
          <td class="extra" colspan="4">
            <div class="empty log">No log output captured.</div></td></tr></tbody>
      <tbody class="passed results-table-row">
        <tr>
          <td class="col-result">Passed</td>
          <td class="col-name">test_qa_task.py::Test_Sofomo::test_case12</td>
          <td class="col-duration">39.42</td>
          <td class="col-links"></td></tr>
        <tr>
          <td class="extra" colspan="4">
            <div class="empty log">No log output captured.</div></td></tr></tbody>
      <tbody class="passed results-table-row">
        <tr>
          <td class="col-result">Passed</td>
          <td class="col-name">test_qa_task.py::Test_Sofomo::test_case13</td>
          <td class="col-duration">12.95</td>
          <td class="col-links"></td></tr>
        <tr>
          <td class="extra" colspan="4">
            <div class="empty log">No log output captured.</div></td></tr></tbody>
      <tbody class="passed results-table-row">
        <tr>
          <td class="col-result">Passed</td>
          <td class="col-name">test_qa_task.py::Test_Sofomo::test_case15</td>
          <td class="col-duration">12.95</td>
          <td class="col-links"></td></tr>
        <tr>
          <td class="extra" colspan="4">
            <div class="empty log">No log output captured.</div></td></tr></tbody>
      <tbody class="passed results-table-row">
        <tr>
          <td class="col-result">Passed</td>
          <td class="col-name">test_qa_task.py::Test_Sofomo::test_case16</td>
          <td class="col-duration">12.51</td>
          <td class="col-links"></td></tr>
        <tr>
          <td class="extra" colspan="4">
            <div class="empty log">No log output captured.</div></td></tr></tbody>
      <tbody class="passed results-table-row">
        <tr>
          <td class="col-result">Passed</td>
          <td class="col-name">test_qa_task.py::Test_Sofomo::test_case17</td>
          <td class="col-duration">11.32</td>
          <td class="col-links"></td></tr>
        <tr>
          <td class="extra" colspan="4">
            <div class="empty log">No log output captured.</div></td></tr></tbody>
      <tbody class="passed results-table-row">
        <tr>
          <td class="col-result">Passed</td>
          <td class="col-name">test_qa_task.py::Test_Sofomo::test_case18</td>
          <td class="col-duration">12.59</td>
          <td class="col-links"></td></tr>
        <tr>
          <td class="extra" colspan="4">
            <div class="empty log">No log output captured.</div></td></tr></tbody>
      <tbody class="passed results-table-row">
        <tr>
          <td class="col-result">Passed</td>
          <td class="col-name">test_qa_task.py::Test_Sofomo::test_case19</td>
          <td class="col-duration">12.77</td>
          <td class="col-links"></td></tr>
        <tr>
          <td class="extra" colspan="4">
            <div class="empty log">No log output captured.</div></td></tr></tbody>
      <tbody class="passed results-table-row">
        <tr>
          <td class="col-result">Passed</td>
          <td class="col-name">test_qa_task.py::Test_Sofomo::test_case20</td>
          <td class="col-duration">12.39</td>
          <td class="col-links"></td></tr>
        <tr>
          <td class="extra" colspan="4">
            <div class="empty log">No log output captured.</div></td></tr></tbody>
      <tbody class="passed results-table-row">
        <tr>
          <td class="col-result">Passed</td>
          <td class="col-name">test_qa_task.py::Test_Sofomo::test_case22</td>
          <td class="col-duration">13.57</td>
          <td class="col-links"></td></tr>
        <tr>
          <td class="extra" colspan="4">
            <div class="empty log">No log output captured.</div></td></tr></tbody>
      <tbody class="passed results-table-row">
        <tr>
          <td class="col-result">Passed</td>
          <td class="col-name">test_qa_task.py::Test_Sofomo::test_case23</td>
          <td class="col-duration">13.24</td>
          <td class="col-links"></td></tr>
        <tr>
          <td class="extra" colspan="4">
            <div class="empty log">No log output captured.</div></td></tr></tbody>
      <tbody class="passed results-table-row">
        <tr>
          <td class="col-result">Passed</td>
          <td class="col-name">test_qa_task.py::Test_Sofomo::test_case24</td>
          <td class="col-duration">24.80</td>
          <td class="col-links"></td></tr>
        <tr>
          <td class="extra" colspan="4">
            <div class="empty log">No log output captured.</div></td></tr></tbody>
      <tbody class="passed results-table-row">
        <tr>
          <td class="col-result">Passed</td>
          <td class="col-name">test_qa_task.py::Test_Sofomo::test_case25</td>
          <td class="col-duration">24.20</td>
          <td class="col-links"></td></tr>
        <tr>
          <td class="extra" colspan="4">
            <div class="empty log">No log output captured.</div></td></tr></tbody>
      <tbody class="passed results-table-row">
        <tr>
          <td class="col-result">Passed</td>
          <td class="col-name">test_qa_task.py::Test_Sofomo::test_case27</td>
          <td class="col-duration">14.00</td>
          <td class="col-links"></td></tr>
        <tr>
          <td class="extra" colspan="4">
            <div class="empty log">No log output captured.</div></td></tr></tbody></table></body></html>